running egg_info
writing ../build/my_tb3_nav/my_tb3_nav.egg-info/PKG-INFO
writing dependency_links to ../build/my_tb3_nav/my_tb3_nav.egg-info/dependency_links.txt
writing entry points to ../build/my_tb3_nav/my_tb3_nav.egg-info/entry_points.txt
writing requirements to ../build/my_tb3_nav/my_tb3_nav.egg-info/requires.txt
writing top-level names to ../build/my_tb3_nav/my_tb3_nav.egg-info/top_level.txt
reading manifest file '../build/my_tb3_nav/my_tb3_nav.egg-info/SOURCES.txt'
writing manifest file '../build/my_tb3_nav/my_tb3_nav.egg-info/SOURCES.txt'
running build
running build_py
copying my_tb3_nav/nav2_control.py -> /home/ali/Desktop/turtlebot3_nav2/build/my_tb3_nav/build/lib/my_tb3_nav
running install
running install_lib
copying /home/ali/Desktop/turtlebot3_nav2/build/my_tb3_nav/build/lib/my_tb3_nav/nav2_control.py -> /home/ali/Desktop/turtlebot3_nav2/install/my_tb3_nav/lib/python3.10/site-packages/my_tb3_nav
byte-compiling /home/ali/Desktop/turtlebot3_nav2/install/my_tb3_nav/lib/python3.10/site-packages/my_tb3_nav/nav2_control.py to nav2_control.cpython-310.pyc
running install_data
running install_egg_info
removing '/home/ali/Desktop/turtlebot3_nav2/install/my_tb3_nav/lib/python3.10/site-packages/my_tb3_nav-0.0.0-py3.10.egg-info' (and everything under it)
Copying ../build/my_tb3_nav/my_tb3_nav.egg-info to /home/ali/Desktop/turtlebot3_nav2/install/my_tb3_nav/lib/python3.10/site-packages/my_tb3_nav-0.0.0-py3.10.egg-info
running install_scripts
Installing tb3_nav script to /home/ali/Desktop/turtlebot3_nav2/install/my_tb3_nav/lib/my_tb3_nav
writing list of installed files to '/home/ali/Desktop/turtlebot3_nav2/build/my_tb3_nav/install.log'
