[0.588s] Invoking command in '/home/ali/Desktop/turtlebot3_nav2/my_tb3_nav': CONDA_PROMPT_MODIFIER=(base) PYTHONPATH=/home/ali/Desktop/turtlebot3_nav2/build/my_tb3_nav/prefix_override:/usr/lib/python3/dist-packages/colcon_core/task/python/colcon_distutils_commands:/home/ali/Desktop/turtlebot3_nav2/install/my_tb3_nav/lib/python3.10/site-packages:${PYTHONPATH} /usr/bin/python3 -W ignore:setup.py install is deprecated -W ignore:easy_install command is deprecated setup.py egg_info --egg-base ../build/my_tb3_nav build --build-base /home/ali/Desktop/turtlebot3_nav2/build/my_tb3_nav/build install --record /home/ali/Desktop/turtlebot3_nav2/build/my_tb3_nav/install.log --single-version-externally-managed install_data
[0.789s] running egg_info
[0.790s] writing ../build/my_tb3_nav/my_tb3_nav.egg-info/PKG-INFO
[0.790s] writing dependency_links to ../build/my_tb3_nav/my_tb3_nav.egg-info/dependency_links.txt
[0.791s] writing entry points to ../build/my_tb3_nav/my_tb3_nav.egg-info/entry_points.txt
[0.791s] writing requirements to ../build/my_tb3_nav/my_tb3_nav.egg-info/requires.txt
[0.791s] writing top-level names to ../build/my_tb3_nav/my_tb3_nav.egg-info/top_level.txt
[0.793s] reading manifest file '../build/my_tb3_nav/my_tb3_nav.egg-info/SOURCES.txt'
[0.794s] writing manifest file '../build/my_tb3_nav/my_tb3_nav.egg-info/SOURCES.txt'
[0.794s] running build
[0.794s] running build_py
[0.794s] copying my_tb3_nav/nav2_control.py -> /home/ali/Desktop/turtlebot3_nav2/build/my_tb3_nav/build/lib/my_tb3_nav
[0.794s] running install
[0.794s] running install_lib
[0.795s] copying /home/ali/Desktop/turtlebot3_nav2/build/my_tb3_nav/build/lib/my_tb3_nav/nav2_control.py -> /home/ali/Desktop/turtlebot3_nav2/install/my_tb3_nav/lib/python3.10/site-packages/my_tb3_nav
[0.795s] byte-compiling /home/ali/Desktop/turtlebot3_nav2/install/my_tb3_nav/lib/python3.10/site-packages/my_tb3_nav/nav2_control.py to nav2_control.cpython-310.pyc
[0.796s] running install_data
[0.796s] running install_egg_info
[0.797s] removing '/home/ali/Desktop/turtlebot3_nav2/install/my_tb3_nav/lib/python3.10/site-packages/my_tb3_nav-0.0.0-py3.10.egg-info' (and everything under it)
[0.798s] Copying ../build/my_tb3_nav/my_tb3_nav.egg-info to /home/ali/Desktop/turtlebot3_nav2/install/my_tb3_nav/lib/python3.10/site-packages/my_tb3_nav-0.0.0-py3.10.egg-info
[0.798s] running install_scripts
[0.812s] Installing tb3_nav script to /home/ali/Desktop/turtlebot3_nav2/install/my_tb3_nav/lib/my_tb3_nav
[0.812s] writing list of installed files to '/home/ali/Desktop/turtlebot3_nav2/build/my_tb3_nav/install.log'
[0.829s] Invoked command in '/home/ali/Desktop/turtlebot3_nav2/my_tb3_nav' returned '0': CONDA_PROMPT_MODIFIER=(base) PYTHONPATH=/home/ali/Desktop/turtlebot3_nav2/build/my_tb3_nav/prefix_override:/usr/lib/python3/dist-packages/colcon_core/task/python/colcon_distutils_commands:/home/ali/Desktop/turtlebot3_nav2/install/my_tb3_nav/lib/python3.10/site-packages:${PYTHONPATH} /usr/bin/python3 -W ignore:setup.py install is deprecated -W ignore:easy_install command is deprecated setup.py egg_info --egg-base ../build/my_tb3_nav build --build-base /home/ali/Desktop/turtlebot3_nav2/build/my_tb3_nav/build install --record /home/ali/Desktop/turtlebot3_nav2/build/my_tb3_nav/install.log --single-version-externally-managed install_data
