[0.092s] DEBUG:colcon:Command line arguments: ['/usr/bin/colcon', 'build', '--packages-select', 'my_tb3_nav', '--symlink-install']
[0.092s] DEBUG:colcon:Parsed command line arguments: Namespace(log_base=None, log_level=None, verb_name='build', build_base='build', install_base='install', merge_install=False, symlink_install=True, test_result_base=None, continue_on_error=False, executor='parallel', parallel_workers=20, event_handlers=None, ignore_user_meta=False, metas=['./colcon.meta'], base_paths=['.'], packages_ignore=None, packages_ignore_regex=None, paths=None, packages_up_to=None, packages_up_to_regex=None, packages_above=None, packages_above_and_dependencies=None, packages_above_depth=None, packages_select_by_dep=None, packages_skip_by_dep=None, packages_skip_up_to=None, packages_select_build_failed=False, packages_skip_build_finished=False, packages_select_test_failures=False, packages_skip_test_passed=False, packages_select=['my_tb3_nav'], packages_skip=None, packages_select_regex=None, packages_skip_regex=None, packages_start=None, packages_end=None, allow_overriding=[], cmake_args=None, cmake_target=None, cmake_target_skip_unavailable=False, cmake_clean_cache=False, cmake_clean_first=False, cmake_force_configure=False, ament_cmake_args=None, catkin_cmake_args=None, catkin_skip_building_tests=False, mixin_files=None, mixin=None, verb_parser=<colcon_mixin.mixin.mixin_argument.MixinArgumentDecorator object at 0x78db7de7e710>, verb_extension=<colcon_core.verb.build.BuildVerb object at 0x78db7dfa3cd0>, main=<bound method BuildVerb.main of <colcon_core.verb.build.BuildVerb object at 0x78db7dfa3cd0>>, mixin_verb=('build',))
[0.264s] Level 1:colcon.colcon_core.package_discovery:discover_packages(colcon_meta) check parameters
[0.264s] Level 1:colcon.colcon_core.package_discovery:discover_packages(recursive) check parameters
[0.264s] Level 1:colcon.colcon_core.package_discovery:discover_packages(ignore) check parameters
[0.264s] Level 1:colcon.colcon_core.package_discovery:discover_packages(path) check parameters
[0.264s] Level 1:colcon.colcon_core.package_discovery:discover_packages(colcon_meta) discover
[0.264s] Level 1:colcon.colcon_core.package_discovery:discover_packages(recursive) discover
[0.264s] INFO:colcon.colcon_core.package_discovery:Crawling recursively for packages in '/home/ali/Desktop/turtlebot3_nav2'
[0.265s] Level 1:colcon.colcon_core.package_identification:_identify(.) by extensions ['ignore', 'ignore_ament_install']
[0.265s] Level 1:colcon.colcon_core.package_identification:_identify(.) by extension 'ignore'
[0.265s] Level 1:colcon.colcon_core.package_identification:_identify(.) by extension 'ignore_ament_install'
[0.265s] Level 1:colcon.colcon_core.package_identification:_identify(.) by extensions ['colcon_pkg']
[0.265s] Level 1:colcon.colcon_core.package_identification:_identify(.) by extension 'colcon_pkg'
[0.265s] Level 1:colcon.colcon_core.package_identification:_identify(.) by extensions ['colcon_meta']
[0.265s] Level 1:colcon.colcon_core.package_identification:_identify(.) by extension 'colcon_meta'
[0.265s] Level 1:colcon.colcon_core.package_identification:_identify(.) by extensions ['ros']
[0.265s] Level 1:colcon.colcon_core.package_identification:_identify(.) by extension 'ros'
[0.274s] Level 1:colcon.colcon_core.package_identification:_identify(.) by extensions ['cmake', 'python']
[0.274s] Level 1:colcon.colcon_core.package_identification:_identify(.) by extension 'cmake'
[0.274s] Level 1:colcon.colcon_core.package_identification:_identify(.) by extension 'python'
[0.275s] Level 1:colcon.colcon_core.package_identification:_identify(.) by extensions ['python_setup_py']
[0.275s] Level 1:colcon.colcon_core.package_identification:_identify(.) by extension 'python_setup_py'
[0.275s] Level 1:colcon.colcon_core.package_identification:_identify(build) by extensions ['ignore', 'ignore_ament_install']
[0.275s] Level 1:colcon.colcon_core.package_identification:_identify(build) by extension 'ignore'
[0.275s] Level 1:colcon.colcon_core.package_identification:_identify(build) ignored
[0.275s] Level 1:colcon.colcon_core.package_identification:_identify(install) by extensions ['ignore', 'ignore_ament_install']
[0.275s] Level 1:colcon.colcon_core.package_identification:_identify(install) by extension 'ignore'
[0.275s] Level 1:colcon.colcon_core.package_identification:_identify(install) ignored
[0.275s] Level 1:colcon.colcon_core.package_identification:_identify(log) by extensions ['ignore', 'ignore_ament_install']
[0.275s] Level 1:colcon.colcon_core.package_identification:_identify(log) by extension 'ignore'
[0.275s] Level 1:colcon.colcon_core.package_identification:_identify(log) ignored
[0.275s] Level 1:colcon.colcon_core.package_identification:_identify(my_tb3_nav) by extensions ['ignore', 'ignore_ament_install']
[0.275s] Level 1:colcon.colcon_core.package_identification:_identify(my_tb3_nav) by extension 'ignore'
[0.275s] Level 1:colcon.colcon_core.package_identification:_identify(my_tb3_nav) by extension 'ignore_ament_install'
[0.275s] Level 1:colcon.colcon_core.package_identification:_identify(my_tb3_nav) by extensions ['colcon_pkg']
[0.275s] Level 1:colcon.colcon_core.package_identification:_identify(my_tb3_nav) by extension 'colcon_pkg'
[0.275s] Level 1:colcon.colcon_core.package_identification:_identify(my_tb3_nav) by extensions ['colcon_meta']
[0.275s] Level 1:colcon.colcon_core.package_identification:_identify(my_tb3_nav) by extension 'colcon_meta'
[0.275s] Level 1:colcon.colcon_core.package_identification:_identify(my_tb3_nav) by extensions ['ros']
[0.275s] Level 1:colcon.colcon_core.package_identification:_identify(my_tb3_nav) by extension 'ros'
[0.277s] DEBUG:colcon.colcon_core.package_identification:Package 'my_tb3_nav' with type 'ros.ament_python' and name 'my_tb3_nav'
[0.277s] Level 1:colcon.colcon_core.package_discovery:discover_packages(recursive) using defaults
[0.277s] Level 1:colcon.colcon_core.package_discovery:discover_packages(ignore) discover
[0.277s] Level 1:colcon.colcon_core.package_discovery:discover_packages(ignore) using defaults
[0.278s] Level 1:colcon.colcon_core.package_discovery:discover_packages(path) discover
[0.278s] Level 1:colcon.colcon_core.package_discovery:discover_packages(path) using defaults
[0.292s] Level 1:colcon.colcon_core.package_discovery:discover_packages(prefix_path) check parameters
[0.292s] Level 1:colcon.colcon_core.package_discovery:discover_packages(prefix_path) discover
[0.293s] DEBUG:colcon.colcon_installed_package_information.package_discovery:Found 1 installed packages in /home/ali/Desktop/turtlebot3_nav2/install
[0.294s] DEBUG:colcon.colcon_installed_package_information.package_discovery:Found 1 installed packages in /home/ali/Desktop/denemeros/install
[0.294s] DEBUG:colcon.colcon_installed_package_information.package_discovery:Found 1 installed packages in /home/ali/ros2_ws/install
[0.294s] DEBUG:colcon.colcon_installed_package_information.package_discovery:Found 1 installed packages in /home/ali/Desktop/ros2crash_ws/install
[0.295s] DEBUG:colcon.colcon_installed_package_information.package_discovery:Found 2 installed packages in /home/ali/Desktop/rosclia/install
[0.296s] DEBUG:colcon.colcon_installed_package_information.package_discovery:Found 425 installed packages in /opt/ros/humble
[0.298s] Level 1:colcon.colcon_core.package_discovery:discover_packages(prefix_path) using defaults
[0.329s] Level 5:colcon.colcon_core.verb:set package 'my_tb3_nav' build argument 'cmake_args' from command line to 'None'
[0.329s] Level 5:colcon.colcon_core.verb:set package 'my_tb3_nav' build argument 'cmake_target' from command line to 'None'
[0.329s] Level 5:colcon.colcon_core.verb:set package 'my_tb3_nav' build argument 'cmake_target_skip_unavailable' from command line to 'False'
[0.329s] Level 5:colcon.colcon_core.verb:set package 'my_tb3_nav' build argument 'cmake_clean_cache' from command line to 'False'
[0.329s] Level 5:colcon.colcon_core.verb:set package 'my_tb3_nav' build argument 'cmake_clean_first' from command line to 'False'
[0.329s] Level 5:colcon.colcon_core.verb:set package 'my_tb3_nav' build argument 'cmake_force_configure' from command line to 'False'
[0.329s] Level 5:colcon.colcon_core.verb:set package 'my_tb3_nav' build argument 'ament_cmake_args' from command line to 'None'
[0.329s] Level 5:colcon.colcon_core.verb:set package 'my_tb3_nav' build argument 'catkin_cmake_args' from command line to 'None'
[0.329s] Level 5:colcon.colcon_core.verb:set package 'my_tb3_nav' build argument 'catkin_skip_building_tests' from command line to 'False'
[0.329s] DEBUG:colcon.colcon_core.verb:Building package 'my_tb3_nav' with the following arguments: {'ament_cmake_args': None, 'build_base': '/home/ali/Desktop/turtlebot3_nav2/build/my_tb3_nav', 'catkin_cmake_args': None, 'catkin_skip_building_tests': False, 'cmake_args': None, 'cmake_clean_cache': False, 'cmake_clean_first': False, 'cmake_force_configure': False, 'cmake_target': None, 'cmake_target_skip_unavailable': False, 'install_base': '/home/ali/Desktop/turtlebot3_nav2/install/my_tb3_nav', 'merge_install': False, 'path': '/home/ali/Desktop/turtlebot3_nav2/my_tb3_nav', 'symlink_install': True, 'test_result_base': None}
[0.329s] INFO:colcon.colcon_core.executor:Executing jobs using 'parallel' executor
[0.330s] DEBUG:colcon.colcon_parallel_executor.executor.parallel:run_until_complete
[0.330s] INFO:colcon.colcon_ros.task.ament_python.build:Building ROS package in '/home/ali/Desktop/turtlebot3_nav2/my_tb3_nav' with build type 'ament_python'
[0.331s] Level 1:colcon.colcon_core.shell:create_environment_hook('my_tb3_nav', 'ament_prefix_path')
[0.332s] INFO:colcon.colcon_core.plugin_system:Skipping extension 'colcon_core.shell.bat': Not used on non-Windows systems
[0.332s] INFO:colcon.colcon_core.shell:Creating environment hook '/home/ali/Desktop/turtlebot3_nav2/install/my_tb3_nav/share/my_tb3_nav/hook/ament_prefix_path.ps1'
[0.332s] INFO:colcon.colcon_core.shell:Creating environment descriptor '/home/ali/Desktop/turtlebot3_nav2/install/my_tb3_nav/share/my_tb3_nav/hook/ament_prefix_path.dsv'
[0.333s] INFO:colcon.colcon_core.shell:Creating environment hook '/home/ali/Desktop/turtlebot3_nav2/install/my_tb3_nav/share/my_tb3_nav/hook/ament_prefix_path.sh'
[0.334s] INFO:colcon.colcon_core.shell:Skip shell extension 'powershell' for command environment: Not usable outside of PowerShell
[0.334s] DEBUG:colcon.colcon_core.shell:Skip shell extension 'dsv' for command environment
[0.571s] INFO:colcon.colcon_core.task.python.build:Building Python package in '/home/ali/Desktop/turtlebot3_nav2/my_tb3_nav'
[0.571s] INFO:colcon.colcon_core.shell:Skip shell extension 'powershell' for command environment: Not usable outside of PowerShell
[0.571s] DEBUG:colcon.colcon_core.shell:Skip shell extension 'dsv' for command environment
[0.981s] DEBUG:colcon.colcon_core.event_handler.log_command:Invoking command in '/home/ali/Desktop/turtlebot3_nav2/build/my_tb3_nav': CONDA_PROMPT_MODIFIER=(base) PYTHONPATH=/home/ali/Desktop/turtlebot3_nav2/build/my_tb3_nav/prefix_override:/usr/lib/python3/dist-packages/colcon_core/task/python/colcon_distutils_commands:/home/ali/Desktop/turtlebot3_nav2/install/my_tb3_nav/lib/python3.10/site-packages:${PYTHONPATH} /usr/bin/python3 -W ignore:setup.py install is deprecated -W ignore:easy_install command is deprecated setup.py develop --editable --build-directory /home/ali/Desktop/turtlebot3_nav2/build/my_tb3_nav/build --no-deps symlink_data
[1.444s] Level 1:colcon.colcon_core.shell:create_environment_hook('my_tb3_nav', 'pythonpath_develop')
[1.445s] DEBUG:colcon.colcon_core.event_handler.log_command:Invoked command in '/home/ali/Desktop/turtlebot3_nav2/build/my_tb3_nav' returned '0': CONDA_PROMPT_MODIFIER=(base) PYTHONPATH=/home/ali/Desktop/turtlebot3_nav2/build/my_tb3_nav/prefix_override:/usr/lib/python3/dist-packages/colcon_core/task/python/colcon_distutils_commands:/home/ali/Desktop/turtlebot3_nav2/install/my_tb3_nav/lib/python3.10/site-packages:${PYTHONPATH} /usr/bin/python3 -W ignore:setup.py install is deprecated -W ignore:easy_install command is deprecated setup.py develop --editable --build-directory /home/ali/Desktop/turtlebot3_nav2/build/my_tb3_nav/build --no-deps symlink_data
[1.445s] INFO:colcon.colcon_core.shell:Creating environment hook '/home/ali/Desktop/turtlebot3_nav2/build/my_tb3_nav/share/my_tb3_nav/hook/pythonpath_develop.ps1'
[1.446s] INFO:colcon.colcon_core.shell:Creating environment descriptor '/home/ali/Desktop/turtlebot3_nav2/build/my_tb3_nav/share/my_tb3_nav/hook/pythonpath_develop.dsv'
[1.447s] INFO:colcon.colcon_core.shell:Creating environment hook '/home/ali/Desktop/turtlebot3_nav2/build/my_tb3_nav/share/my_tb3_nav/hook/pythonpath_develop.sh'
[1.451s] Level 1:colcon.colcon_core.environment:checking '/home/ali/Desktop/turtlebot3_nav2/install/my_tb3_nav' for CMake module files
[1.451s] Level 1:colcon.colcon_core.environment:checking '/home/ali/Desktop/turtlebot3_nav2/install/my_tb3_nav' for CMake config files
[1.452s] Level 1:colcon.colcon_core.environment:checking '/home/ali/Desktop/turtlebot3_nav2/install/my_tb3_nav/lib'
[1.452s] Level 1:colcon.colcon_core.environment:checking '/home/ali/Desktop/turtlebot3_nav2/install/my_tb3_nav/bin'
[1.452s] Level 1:colcon.colcon_core.environment:checking '/home/ali/Desktop/turtlebot3_nav2/install/my_tb3_nav/lib/pkgconfig/my_tb3_nav.pc'
[1.453s] Level 1:colcon.colcon_core.environment:checking '/home/ali/Desktop/turtlebot3_nav2/install/my_tb3_nav/lib/python3.10/site-packages'
[1.453s] Level 1:colcon.colcon_core.shell:create_environment_hook('my_tb3_nav', 'pythonpath')
[1.453s] INFO:colcon.colcon_core.shell:Creating environment hook '/home/ali/Desktop/turtlebot3_nav2/install/my_tb3_nav/share/my_tb3_nav/hook/pythonpath.ps1'
[1.453s] INFO:colcon.colcon_core.shell:Creating environment descriptor '/home/ali/Desktop/turtlebot3_nav2/install/my_tb3_nav/share/my_tb3_nav/hook/pythonpath.dsv'
[1.454s] INFO:colcon.colcon_core.shell:Creating environment hook '/home/ali/Desktop/turtlebot3_nav2/install/my_tb3_nav/share/my_tb3_nav/hook/pythonpath.sh'
[1.454s] Level 1:colcon.colcon_core.environment:checking '/home/ali/Desktop/turtlebot3_nav2/install/my_tb3_nav/bin'
[1.455s] Level 1:colcon.colcon_core.environment:create_environment_scripts_only(my_tb3_nav)
[1.455s] INFO:colcon.colcon_core.shell:Creating package script '/home/ali/Desktop/turtlebot3_nav2/install/my_tb3_nav/share/my_tb3_nav/package.ps1'
[1.456s] INFO:colcon.colcon_core.shell:Creating package descriptor '/home/ali/Desktop/turtlebot3_nav2/install/my_tb3_nav/share/my_tb3_nav/package.dsv'
[1.457s] INFO:colcon.colcon_core.shell:Creating package script '/home/ali/Desktop/turtlebot3_nav2/install/my_tb3_nav/share/my_tb3_nav/package.sh'
[1.457s] INFO:colcon.colcon_core.shell:Creating package script '/home/ali/Desktop/turtlebot3_nav2/install/my_tb3_nav/share/my_tb3_nav/package.bash'
[1.458s] INFO:colcon.colcon_core.shell:Creating package script '/home/ali/Desktop/turtlebot3_nav2/install/my_tb3_nav/share/my_tb3_nav/package.zsh'
[1.459s] Level 1:colcon.colcon_core.environment:create_file_with_runtime_dependencies(/home/ali/Desktop/turtlebot3_nav2/install/my_tb3_nav/share/colcon-core/packages/my_tb3_nav)
[1.459s] DEBUG:colcon.colcon_parallel_executor.executor.parallel:closing loop
[1.459s] DEBUG:colcon.colcon_parallel_executor.executor.parallel:loop closed
[1.459s] DEBUG:colcon.colcon_parallel_executor.executor.parallel:run_until_complete finished with '0'
[1.459s] DEBUG:colcon.colcon_core.event_reactor:joining thread
[1.468s] INFO:colcon.colcon_core.plugin_system:Skipping extension 'colcon_notification.desktop_notification.terminal_notifier': Not used on non-Darwin systems
[1.468s] INFO:colcon.colcon_core.plugin_system:Skipping extension 'colcon_notification.desktop_notification.win32': Not used on non-Windows systems
[1.468s] INFO:colcon.colcon_notification.desktop_notification:Sending desktop notification using 'notify2'
[1.480s] DEBUG:colcon.colcon_core.event_reactor:joined thread
[1.481s] INFO:colcon.colcon_core.shell:Creating prefix script '/home/ali/Desktop/turtlebot3_nav2/install/local_setup.ps1'
[1.482s] INFO:colcon.colcon_core.shell:Creating prefix util module '/home/ali/Desktop/turtlebot3_nav2/install/_local_setup_util_ps1.py'
[1.484s] INFO:colcon.colcon_core.shell:Creating prefix chain script '/home/ali/Desktop/turtlebot3_nav2/install/setup.ps1'
[1.486s] INFO:colcon.colcon_core.shell:Creating prefix script '/home/ali/Desktop/turtlebot3_nav2/install/local_setup.sh'
[1.487s] INFO:colcon.colcon_core.shell:Creating prefix util module '/home/ali/Desktop/turtlebot3_nav2/install/_local_setup_util_sh.py'
[1.488s] INFO:colcon.colcon_core.shell:Creating prefix chain script '/home/ali/Desktop/turtlebot3_nav2/install/setup.sh'
[1.490s] INFO:colcon.colcon_core.shell:Creating prefix script '/home/ali/Desktop/turtlebot3_nav2/install/local_setup.bash'
[1.491s] INFO:colcon.colcon_core.shell:Creating prefix chain script '/home/ali/Desktop/turtlebot3_nav2/install/setup.bash'
[1.491s] INFO:colcon.colcon_core.shell:Creating prefix script '/home/ali/Desktop/turtlebot3_nav2/install/local_setup.zsh'
[1.492s] INFO:colcon.colcon_core.shell:Creating prefix chain script '/home/ali/Desktop/turtlebot3_nav2/install/setup.zsh'
