[0.679s] Invoking command in '/home/ali/Desktop/turtlebot3_nav2/my_tb3_nav': CONDA_PROMPT_MODIFIER=(base) PYTHONPATH=/home/ali/Desktop/turtlebot3_nav2/build/my_tb3_nav/prefix_override:/usr/lib/python3/dist-packages/colcon_core/task/python/colcon_distutils_commands:/home/ali/Desktop/turtlebot3_nav2/install/my_tb3_nav/lib/python3.10/site-packages:${PYTHONPATH} /usr/bin/python3 -W ignore:setup.py install is deprecated -W ignore:easy_install command is deprecated setup.py egg_info --egg-base ../build/my_tb3_nav build --build-base /home/ali/Desktop/turtlebot3_nav2/build/my_tb3_nav/build install --record /home/ali/Desktop/turtlebot3_nav2/build/my_tb3_nav/install.log --single-version-externally-managed install_data
[0.874s] running egg_info
[0.874s] creating ../build/my_tb3_nav/my_tb3_nav.egg-info
[0.875s] writing ../build/my_tb3_nav/my_tb3_nav.egg-info/PKG-INFO
[0.875s] writing dependency_links to ../build/my_tb3_nav/my_tb3_nav.egg-info/dependency_links.txt
[0.875s] writing entry points to ../build/my_tb3_nav/my_tb3_nav.egg-info/entry_points.txt
[0.875s] writing requirements to ../build/my_tb3_nav/my_tb3_nav.egg-info/requires.txt
[0.875s] writing top-level names to ../build/my_tb3_nav/my_tb3_nav.egg-info/top_level.txt
[0.879s] writing manifest file '../build/my_tb3_nav/my_tb3_nav.egg-info/SOURCES.txt'
[0.880s] reading manifest file '../build/my_tb3_nav/my_tb3_nav.egg-info/SOURCES.txt'
[0.880s] writing manifest file '../build/my_tb3_nav/my_tb3_nav.egg-info/SOURCES.txt'
[0.880s] running build
[0.880s] running build_py
[0.881s] creating /home/ali/Desktop/turtlebot3_nav2/build/my_tb3_nav/build
[0.881s] creating /home/ali/Desktop/turtlebot3_nav2/build/my_tb3_nav/build/lib
[0.881s] creating /home/ali/Desktop/turtlebot3_nav2/build/my_tb3_nav/build/lib/my_tb3_nav
[0.881s] copying my_tb3_nav/nav2_control.py -> /home/ali/Desktop/turtlebot3_nav2/build/my_tb3_nav/build/lib/my_tb3_nav
[0.881s] copying my_tb3_nav/__init__.py -> /home/ali/Desktop/turtlebot3_nav2/build/my_tb3_nav/build/lib/my_tb3_nav
[0.881s] running install
[0.881s] running install_lib
[0.881s] creating /home/ali/Desktop/turtlebot3_nav2/install/my_tb3_nav/lib/python3.10/site-packages/my_tb3_nav
[0.881s] copying /home/ali/Desktop/turtlebot3_nav2/build/my_tb3_nav/build/lib/my_tb3_nav/nav2_control.py -> /home/ali/Desktop/turtlebot3_nav2/install/my_tb3_nav/lib/python3.10/site-packages/my_tb3_nav
[0.882s] copying /home/ali/Desktop/turtlebot3_nav2/build/my_tb3_nav/build/lib/my_tb3_nav/__init__.py -> /home/ali/Desktop/turtlebot3_nav2/install/my_tb3_nav/lib/python3.10/site-packages/my_tb3_nav
[0.882s] byte-compiling /home/ali/Desktop/turtlebot3_nav2/install/my_tb3_nav/lib/python3.10/site-packages/my_tb3_nav/nav2_control.py to nav2_control.cpython-310.pyc
[0.882s] byte-compiling /home/ali/Desktop/turtlebot3_nav2/install/my_tb3_nav/lib/python3.10/site-packages/my_tb3_nav/__init__.py to __init__.cpython-310.pyc
[0.883s] running install_data
[0.883s] creating /home/ali/Desktop/turtlebot3_nav2/install/my_tb3_nav/share/ament_index
[0.883s] creating /home/ali/Desktop/turtlebot3_nav2/install/my_tb3_nav/share/ament_index/resource_index
[0.883s] creating /home/ali/Desktop/turtlebot3_nav2/install/my_tb3_nav/share/ament_index/resource_index/packages
[0.883s] copying resource/my_tb3_nav -> /home/ali/Desktop/turtlebot3_nav2/install/my_tb3_nav/share/ament_index/resource_index/packages
[0.883s] copying package.xml -> /home/ali/Desktop/turtlebot3_nav2/install/my_tb3_nav/share/my_tb3_nav
[0.883s] running install_egg_info
[0.885s] Copying ../build/my_tb3_nav/my_tb3_nav.egg-info to /home/ali/Desktop/turtlebot3_nav2/install/my_tb3_nav/lib/python3.10/site-packages/my_tb3_nav-0.0.0-py3.10.egg-info
[0.885s] running install_scripts
[0.902s] writing list of installed files to '/home/ali/Desktop/turtlebot3_nav2/build/my_tb3_nav/install.log'
[0.919s] Invoked command in '/home/ali/Desktop/turtlebot3_nav2/my_tb3_nav' returned '0': CONDA_PROMPT_MODIFIER=(base) PYTHONPATH=/home/ali/Desktop/turtlebot3_nav2/build/my_tb3_nav/prefix_override:/usr/lib/python3/dist-packages/colcon_core/task/python/colcon_distutils_commands:/home/ali/Desktop/turtlebot3_nav2/install/my_tb3_nav/lib/python3.10/site-packages:${PYTHONPATH} /usr/bin/python3 -W ignore:setup.py install is deprecated -W ignore:easy_install command is deprecated setup.py egg_info --egg-base ../build/my_tb3_nav build --build-base /home/ali/Desktop/turtlebot3_nav2/build/my_tb3_nav/build install --record /home/ali/Desktop/turtlebot3_nav2/build/my_tb3_nav/install.log --single-version-externally-managed install_data
