[0.600s] Invoking command in '/home/ali/Desktop/turtlebot3_nav2/build/my_tb3_nav': CONDA_PROMPT_MODIFIER=(base) PYTHONPATH=/home/ali/Desktop/turtlebot3_nav2/build/my_tb3_nav/prefix_override:/usr/lib/python3/dist-packages/colcon_core/task/python/colcon_distutils_commands:/home/ali/Desktop/turtlebot3_nav2/install/my_tb3_nav/lib/python3.10/site-packages:${PYTHONPATH} /usr/bin/python3 -W ignore:setup.py install is deprecated -W ignore:easy_install command is deprecated setup.py develop --uninstall --editable --build-directory /home/ali/Desktop/turtlebot3_nav2/build/my_tb3_nav/build
[0.814s] running develop
[0.980s] Removing /home/ali/Desktop/turtlebot3_nav2/install/my_tb3_nav/lib/python3.10/site-packages/my-tb3-nav.egg-link (link to .)
[1.001s] Invoked command in '/home/ali/Desktop/turtlebot3_nav2/build/my_tb3_nav' returned '0': CONDA_PROMPT_MODIFIER=(base) PYTHONPATH=/home/ali/Desktop/turtlebot3_nav2/build/my_tb3_nav/prefix_override:/usr/lib/python3/dist-packages/colcon_core/task/python/colcon_distutils_commands:/home/ali/Desktop/turtlebot3_nav2/install/my_tb3_nav/lib/python3.10/site-packages:${PYTHONPATH} /usr/bin/python3 -W ignore:setup.py install is deprecated -W ignore:easy_install command is deprecated setup.py develop --uninstall --editable --build-directory /home/ali/Desktop/turtlebot3_nav2/build/my_tb3_nav/build
[1.004s] Invoking command in '/home/ali/Desktop/turtlebot3_nav2/my_tb3_nav': CONDA_PROMPT_MODIFIER=(base) PYTHONPATH=/home/ali/Desktop/turtlebot3_nav2/build/my_tb3_nav/prefix_override:/usr/lib/python3/dist-packages/colcon_core/task/python/colcon_distutils_commands:/home/ali/Desktop/turtlebot3_nav2/install/my_tb3_nav/lib/python3.10/site-packages:${PYTHONPATH} /usr/bin/python3 -W ignore:setup.py install is deprecated -W ignore:easy_install command is deprecated setup.py egg_info --egg-base ../build/my_tb3_nav build --build-base /home/ali/Desktop/turtlebot3_nav2/build/my_tb3_nav/build install --record /home/ali/Desktop/turtlebot3_nav2/build/my_tb3_nav/install.log --single-version-externally-managed install_data --force
[1.199s] running egg_info
[1.199s] writing ../build/my_tb3_nav/my_tb3_nav.egg-info/PKG-INFO
[1.199s] writing dependency_links to ../build/my_tb3_nav/my_tb3_nav.egg-info/dependency_links.txt
[1.199s] writing entry points to ../build/my_tb3_nav/my_tb3_nav.egg-info/entry_points.txt
[1.199s] writing requirements to ../build/my_tb3_nav/my_tb3_nav.egg-info/requires.txt
[1.199s] writing top-level names to ../build/my_tb3_nav/my_tb3_nav.egg-info/top_level.txt
[1.201s] reading manifest file '../build/my_tb3_nav/my_tb3_nav.egg-info/SOURCES.txt'
[1.202s] writing manifest file '../build/my_tb3_nav/my_tb3_nav.egg-info/SOURCES.txt'
[1.202s] running build
[1.202s] running build_py
[1.202s] running install
[1.202s] running install_lib
[1.203s] creating /home/ali/Desktop/turtlebot3_nav2/install/my_tb3_nav/lib/python3.10/site-packages/my_tb3_nav
[1.203s] copying /home/ali/Desktop/turtlebot3_nav2/build/my_tb3_nav/build/lib/my_tb3_nav/nav2_control.py -> /home/ali/Desktop/turtlebot3_nav2/install/my_tb3_nav/lib/python3.10/site-packages/my_tb3_nav
[1.203s] copying /home/ali/Desktop/turtlebot3_nav2/build/my_tb3_nav/build/lib/my_tb3_nav/__init__.py -> /home/ali/Desktop/turtlebot3_nav2/install/my_tb3_nav/lib/python3.10/site-packages/my_tb3_nav
[1.203s] byte-compiling /home/ali/Desktop/turtlebot3_nav2/install/my_tb3_nav/lib/python3.10/site-packages/my_tb3_nav/nav2_control.py to nav2_control.cpython-310.pyc
[1.204s] byte-compiling /home/ali/Desktop/turtlebot3_nav2/install/my_tb3_nav/lib/python3.10/site-packages/my_tb3_nav/__init__.py to __init__.cpython-310.pyc
[1.204s] running install_data
[1.204s] copying resource/my_tb3_nav -> /home/ali/Desktop/turtlebot3_nav2/install/my_tb3_nav/share/ament_index/resource_index/packages
[1.204s] copying package.xml -> /home/ali/Desktop/turtlebot3_nav2/install/my_tb3_nav/share/my_tb3_nav
[1.204s] running install_egg_info
[1.206s] Copying ../build/my_tb3_nav/my_tb3_nav.egg-info to /home/ali/Desktop/turtlebot3_nav2/install/my_tb3_nav/lib/python3.10/site-packages/my_tb3_nav-0.0.0-py3.10.egg-info
[1.206s] running install_scripts
[1.222s] Installing tb3_nav script to /home/ali/Desktop/turtlebot3_nav2/install/my_tb3_nav/lib/my_tb3_nav
[1.222s] writing list of installed files to '/home/ali/Desktop/turtlebot3_nav2/build/my_tb3_nav/install.log'
[1.244s] Invoked command in '/home/ali/Desktop/turtlebot3_nav2/my_tb3_nav' returned '0': CONDA_PROMPT_MODIFIER=(base) PYTHONPATH=/home/ali/Desktop/turtlebot3_nav2/build/my_tb3_nav/prefix_override:/usr/lib/python3/dist-packages/colcon_core/task/python/colcon_distutils_commands:/home/ali/Desktop/turtlebot3_nav2/install/my_tb3_nav/lib/python3.10/site-packages:${PYTHONPATH} /usr/bin/python3 -W ignore:setup.py install is deprecated -W ignore:easy_install command is deprecated setup.py egg_info --egg-base ../build/my_tb3_nav build --build-base /home/ali/Desktop/turtlebot3_nav2/build/my_tb3_nav/build install --record /home/ali/Desktop/turtlebot3_nav2/build/my_tb3_nav/install.log --single-version-externally-managed install_data --force
